0 info it worked if it ends with ok
1 verbose cli [ '/Users/trane294/.nvm/versions/node/v5.1.0/bin/node',
1 verbose cli   '/Users/trane294/.nvm/versions/node/v5.1.0/bin/npm',
1 verbose cli   'install',
1 verbose cli   'PushNotificationIOS',
1 verbose cli   '--save' ]
2 info using npm@2.14.13
3 info using node@v5.1.0
4 verbose install initial load of /Users/trane294/WhySo/package.json
5 verbose installManyTop reading scoped package data from /Users/trane294/WhySo/node_modules/firebase/package.json
6 verbose installManyTop reading scoped package data from /Users/trane294/WhySo/node_modules/moment/package.json
7 verbose installManyTop reading scoped package data from /Users/trane294/WhySo/node_modules/react-native/package.json
8 verbose installManyTop reading scoped package data from /Users/trane294/WhySo/node_modules/react-native-htmlview/package.json
9 verbose installManyTop reading scoped package data from /Users/trane294/WhySo/node_modules/react-native-navbar/package.json
10 verbose installManyTop reading scoped package data from /Users/trane294/WhySo/node_modules/react-native-refreshable-listview/package.json
11 verbose installManyTop reading scoped package data from /Users/trane294/WhySo/node_modules/react-native-timeago/package.json
12 verbose installManyTop reading scoped package data from /Users/trane294/WhySo/node_modules/react-timer-mixin/package.json
13 info package.json firebase@2.3.2 No license field.
14 verbose readDependencies loading dependencies from /Users/trane294/WhySo/package.json
15 silly cache add args [ 'PushNotificationIOS', null ]
16 verbose cache add spec PushNotificationIOS
17 silly cache add parsed spec Result {
17 silly cache add   raw: 'PushNotificationIOS',
17 silly cache add   scope: null,
17 silly cache add   name: 'PushNotificationIOS',
17 silly cache add   rawSpec: '',
17 silly cache add   spec: 'latest',
17 silly cache add   type: 'tag' }
18 silly addNamed PushNotificationIOS@latest
19 verbose addNamed "latest" is being treated as a dist-tag for PushNotificationIOS
20 info addNameTag [ 'PushNotificationIOS', 'latest' ]
21 silly mapToRegistry name PushNotificationIOS
22 silly mapToRegistry using default registry
23 silly mapToRegistry registry https://registry.npmjs.org/
24 silly mapToRegistry uri https://registry.npmjs.org/PushNotificationIOS
25 verbose addNameTag registry:https://registry.npmjs.org/PushNotificationIOS not in flight; fetching
26 verbose request uri https://registry.npmjs.org/PushNotificationIOS
27 verbose request no auth needed
28 info attempt registry request try #1 at 11:13:53 PM
29 verbose request id ab34b0bf90c611c2
30 http request GET https://registry.npmjs.org/PushNotificationIOS
31 http 404 https://registry.npmjs.org/PushNotificationIOS
32 verbose headers { 'content-type': 'application/json',
32 verbose headers   'cache-control': 'max-age=0',
32 verbose headers   'content-length': '2',
32 verbose headers   'accept-ranges': 'bytes',
32 verbose headers   date: 'Mon, 28 Dec 2015 07:13:53 GMT',
32 verbose headers   via: '1.1 varnish',
32 verbose headers   age: '0',
32 verbose headers   connection: 'keep-alive',
32 verbose headers   'x-served-by': 'cache-sjc3121-SJC',
32 verbose headers   'x-cache': 'MISS',
32 verbose headers   'x-cache-hits': '0',
32 verbose headers   'x-timer': 'S1451286833.790979,VS0,VE155' }
33 silly get cb [ 404,
33 silly get   { 'content-type': 'application/json',
33 silly get     'cache-control': 'max-age=0',
33 silly get     'content-length': '2',
33 silly get     'accept-ranges': 'bytes',
33 silly get     date: 'Mon, 28 Dec 2015 07:13:53 GMT',
33 silly get     via: '1.1 varnish',
33 silly get     age: '0',
33 silly get     connection: 'keep-alive',
33 silly get     'x-served-by': 'cache-sjc3121-SJC',
33 silly get     'x-cache': 'MISS',
33 silly get     'x-cache-hits': '0',
33 silly get     'x-timer': 'S1451286833.790979,VS0,VE155' } ]
34 verbose stack Error: Registry returned 404 for GET on https://registry.npmjs.org/PushNotificationIOS
34 verbose stack     at makeError (/Users/trane294/.nvm/versions/node/v5.1.0/lib/node_modules/npm/node_modules/npm-registry-client/lib/request.js:264:12)
34 verbose stack     at CachingRegistryClient.<anonymous> (/Users/trane294/.nvm/versions/node/v5.1.0/lib/node_modules/npm/node_modules/npm-registry-client/lib/request.js:242:14)
34 verbose stack     at Request._callback (/Users/trane294/.nvm/versions/node/v5.1.0/lib/node_modules/npm/node_modules/npm-registry-client/lib/request.js:172:14)
34 verbose stack     at Request.self.callback (/Users/trane294/.nvm/versions/node/v5.1.0/lib/node_modules/npm/node_modules/request/request.js:198:22)
34 verbose stack     at emitTwo (events.js:87:13)
34 verbose stack     at Request.emit (events.js:172:7)
34 verbose stack     at Request.<anonymous> (/Users/trane294/.nvm/versions/node/v5.1.0/lib/node_modules/npm/node_modules/request/request.js:1082:10)
34 verbose stack     at emitOne (events.js:82:20)
34 verbose stack     at Request.emit (events.js:169:7)
34 verbose stack     at IncomingMessage.<anonymous> (/Users/trane294/.nvm/versions/node/v5.1.0/lib/node_modules/npm/node_modules/request/request.js:1009:12)
35 verbose statusCode 404
36 verbose pkgid PushNotificationIOS
37 verbose cwd /Users/trane294/WhySo
38 error Darwin 15.2.0
39 error argv "/Users/trane294/.nvm/versions/node/v5.1.0/bin/node" "/Users/trane294/.nvm/versions/node/v5.1.0/bin/npm" "install" "PushNotificationIOS" "--save"
40 error node v5.1.0
41 error npm  v2.14.13
42 error code E404
43 error 404 Registry returned 404 for GET on https://registry.npmjs.org/PushNotificationIOS
43 error 404
43 error 404 'PushNotificationIOS' is not in the npm registry.
43 error 404 Your package name is not valid, because
43 error 404
43 error 404  1. name can no longer contain capital letters
43 error 404 It was specified as a dependency of 'App'
43 error 404
43 error 404 Note that you can also install from a
43 error 404 tarball, folder, http url, or git url.
44 verbose exit [ 1, true ]
